[2023-11-15 20:05:05,990] multiqc                                            [DEBUG  ]  This is MultiQC v1.17
[2023-11-15 20:05:05,990] multiqc                                            [DEBUG  ]  Command used: /home/vant/miniforge3/envs/first-script/bin/multiqc -o out/multiqc /home/vant/testsim
[2023-11-15 20:05:06,714] multiqc                                            [DEBUG  ]  Could not connect to multiqc.info for version check: module 'packaging.version' has no attribute 'StrictVersion'
[2023-11-15 20:05:06,715] multiqc                                            [DEBUG  ]  Working dir : /home/vant/testsim
[2023-11-15 20:05:06,715] multiqc                                            [DEBUG  ]  Template    : default
[2023-11-15 20:05:06,715] multiqc                                            [DEBUG  ]  Running Python 3.10.13 | packaged by conda-forge | (main, Oct 26 2023, 18:07:37) [GCC 12.3.0]
[2023-11-15 20:05:06,717] multiqc                                            [DEBUG  ]  Analysing modules: custom_content, ccs, ngsderive, purple, conpair, lima, peddy, somalier, methylQA, mosdepth, phantompeakqualtools, qualimap, preseq, hifiasm, quast, qorts, rna_seqc, rockhopper, rsem, rseqc, busco, bustools, goleft_indexcov, gffcompare, disambiguate, supernova, deeptools, sargasso, verifybamid, mirtrace, happy, mirtop, sambamba, gopeaks, homer, hops, macs2, theta2, snpeff, gatk, htseq, bcftools, featureCounts, fgbio, dragen, dragen_fastqc, dedup, pbmarkdup, damageprofiler, mapdamage, biobambam2, jcvi, mtnucratio, picard, vep, sentieon, bakta, prokka, qc3C, nanostat, samblaster, samtools, sexdeterrmine, eigenstratdatabasetools, bamtools, jellyfish, vcftools, longranger, stacks, varscan2, snippy, umitools, truvari, bbmap, bismark, biscuit, diamond, hicexplorer, hicup, hicpro, salmon, kallisto, slamdunk, star, hisat2, tophat, bowtie2, bowtie1, cellranger, snpsplit, odgi, pangolin, nextclade, freyja, humid, kat, leehom, librarian, adapterRemoval, bbduk, clipandmerge, cutadapt, flexbar, sourmash, kaiju, bracken, kraken, malt, motus, trimmomatic, sickle, skewer, sortmerna, biobloomtools, fastq_screen, afterqc, fastp, fastqc, filtlong, prinseqplusplus, pychopper, porechop, pycoqc, minionqc, anglerfish, multivcfanalyzer, clusterflow, checkqc, bcl2fastq, bclconvert, interop, ivar, flash, seqyclean, optitype, whatshap
[2023-11-15 20:05:06,717] multiqc                                            [DEBUG  ]  Using temporary directory for creating report: /tmp/tmpgk5haumv
[2023-11-15 20:05:06,719] multiqc                                            [INFO   ]  Search path : /home/vant/testsim
[2023-11-15 20:05:07,531] multiqc                                            [DEBUG  ]  Summary of files that were skipped by the search: [skipped_file_contents_search_errors: 267] // [skipped_module_specific_max_filesize: 158] // [skipped_no_match: 47] // [skipped_ignore_pattern: 14] // [skipped_directory_fn_ignore_dirs: 1]
[2023-11-15 20:05:08,123] multiqc.plots.bargraph                             [DEBUG  ]  Using matplotlib version 3.8.1
[2023-11-15 20:05:08,124] multiqc.plots.linegraph                            [DEBUG  ]  Using matplotlib version 3.8.1
[2023-11-15 20:05:08,124] multiqc                                            [DEBUG  ]  No samples found: custom_content
[2023-11-15 20:05:08,125] multiqc                                            [DEBUG  ]  No samples found: htseq
[2023-11-15 20:05:08,129] multiqc.modules.star.star                          [INFO   ]  Found 3 reports
[2023-11-15 20:05:08,129] multiqc.plots.bargraph                             [WARNING]  Tried to make bar plot, but had no data: star_alignment_plot
[2023-11-15 20:05:08,133] multiqc.modules.cutadapt.cutadapt                  [INFO   ]  Found 3 reports
[2023-11-15 20:05:08,133] multiqc.plots.bargraph                             [WARNING]  Tried to make bar plot, but had no data: cutadapt_filtered_reads_plot
[2023-11-15 20:05:08,439] multiqc.modules.fastqc.fastqc                      [INFO   ]  Found 6 reports
[2023-11-15 20:05:08,476] multiqc.utils.software_versions                    [DEBUG  ]  Reading software versions from config.software_versions
[2023-11-15 20:05:08,487] multiqc                                            [DEBUG  ]  Compressing plot data
[2023-11-15 20:05:08,565] multiqc                                            [INFO   ]  Report      : out/multiqc/multiqc_report.html
[2023-11-15 20:05:08,565] multiqc                                            [INFO   ]  Data        : out/multiqc/multiqc_data
[2023-11-15 20:05:08,565] multiqc                                            [DEBUG  ]  Moving data file from '/tmp/tmpgk5haumv/multiqc_data' to 'out/multiqc/multiqc_data'
[2023-11-15 20:05:08,566] multiqc                                            [DEBUG  ]  Full report path: /home/vant/testsim/out/multiqc/multiqc_report.html
[2023-11-15 20:05:08,652] multiqc                                            [INFO   ]  MultiQC complete
