STAR version=2.7.11a
STAR compilation time,server,dir=2023-09-15T02:58:53+0000 :/opt/conda/conda-bld/star_1694746407721/work/source
##### Command Line:
/home/vant/miniforge3/envs/first-script/bin/STAR-avx2 --runThreadN 4 --runMode genomeGenerate --genomeDir res/genome/star_index/ --genomeFastaFiles res/genome/ecoli.fasta --genomeSAindexNbases 9
##### Initial USER parameters from Command Line:
###### All USER parameters from Command Line:
runThreadN                    4     ~RE-DEFINED
runMode                       genomeGenerate        ~RE-DEFINED
genomeDir                     res/genome/star_index/     ~RE-DEFINED
genomeFastaFiles              res/genome/ecoli.fasta        ~RE-DEFINED
genomeSAindexNbases           9     ~RE-DEFINED
##### Finished reading parameters from all sources

##### Final user re-defined parameters-----------------:
runMode                           genomeGenerate   
runThreadN                        4
genomeDir                         res/genome/star_index/
genomeFastaFiles                  res/genome/ecoli.fasta   
genomeSAindexNbases               9

-------------------------------
##### Final effective command line:
/home/vant/miniforge3/envs/first-script/bin/STAR-avx2   --runMode genomeGenerate      --runThreadN 4   --genomeDir res/genome/star_index/   --genomeFastaFiles res/genome/ecoli.fasta      --genomeSAindexNbases 9
----------------------------------------

Number of fastq files for each mate = 1
ParametersSolo: --soloCellFilterType CellRanger2.2 filtering parameters:  3000 0.99 10
Finished loading and checking parameters
--genomeDir directory exists and will be overwritten: res/genome/star_index/
Nov 15 19:53:58 ... starting to generate Genome files
res/genome/ecoli.fasta : chr # 0  "NC_000913.3" chrStart: 0
Chromosome sequence lengths: 
NC_000913.3	4641652
Genome sequence total length = 4641652
Genome size with padding = 4718592
Estimated genome size with padding and SJs: total=genome+SJ=205718592 = 4718592 + 201000000
GstrandBit=32
Number of SA indices: 9283304
Nov 15 19:53:58 ... starting to sort Suffix Array. This may take a long time...
Number of chunks: 4;   chunks size limit: 24755472 bytes
Nov 15 19:53:58 ... sorting Suffix Array chunks and saving them to disk...
Writing 566144 bytes into res/genome/star_index//SA_3 ; empty space on disk = 436869541888 bytes ... done
Writing 24602888 bytes into res/genome/star_index//SA_2 ; empty space on disk = 436868972544 bytes ...Writing 24511280 bytes into res/genome/star_index//SA_0 ; empty space on disk = 436862300160 bytes ... done
 done
Writing 24586120 bytes into res/genome/star_index//SA_1 ; empty space on disk = 436819853312 bytes ... done
Nov 15 19:54:00 ... loading chunks from disk, packing SA...
Nov 15 19:54:00 ... finished generating suffix array
Nov 15 19:54:00 ... generating Suffix Array index
Nov 15 19:54:00 ... completed Suffix Array index
Nov 15 19:54:00 ... writing Genome to disk ...
Writing 4718592 bytes into res/genome/star_index//Genome ; empty space on disk = 436869537792 bytes ... done
SA size in bytes: 38293632
Nov 15 19:54:00 ... writing Suffix Array to disk ...
Writing 38293632 bytes into res/genome/star_index//SA ; empty space on disk = 436864819200 bytes ... done
Nov 15 19:54:00 ... writing SAindex to disk
Writing 8 bytes into res/genome/star_index//SAindex ; empty space on disk = 436826521600 bytes ... done
Writing 80 bytes into res/genome/star_index//SAindex ; empty space on disk = 436826521600 bytes ... done
Writing 1529171 bytes into res/genome/star_index//SAindex ; empty space on disk = 436826521600 bytes ... done
Nov 15 19:54:00 ..... finished successfully
DONE: Genome generation, EXITING
